CRITICAL - 2022-04-05 10:12:53 --> Call to undefined method App\Models\SolicitudModel::num_rows
#0 C:\xampp\htdocs\rentacar\app\Controllers\AdminControllerRenta.php(28): CodeIgniter\Model->__call('num_rows', Array)
#1 C:\xampp\htdocs\rentacar\system\CodeIgniter.php(832): App\Controllers\AdminControllerRenta->index()
#2 C:\xampp\htdocs\rentacar\system\CodeIgniter.php(419): CodeIgniter\CodeIgniter->runController(Object(App\Controllers\AdminControllerRenta))
#3 C:\xampp\htdocs\rentacar\system\CodeIgniter.php(326): CodeIgniter\CodeIgniter->handleRequest(NULL, Object(Config\Cache), false)
#4 C:\xampp\htdocs\rentacar\index.php(37): CodeIgniter\CodeIgniter->run()
#5 {main}
CRITICAL - 2022-04-05 10:14:44 --> Call to undefined method App\Models\SolicitudModel::count
#0 C:\xampp\htdocs\rentacar\app\Controllers\AdminControllerRenta.php(28): CodeIgniter\Model->__call('count', Array)
#1 C:\xampp\htdocs\rentacar\system\CodeIgniter.php(832): App\Controllers\AdminControllerRenta->index()
#2 C:\xampp\htdocs\rentacar\system\CodeIgniter.php(419): CodeIgniter\CodeIgniter->runController(Object(App\Controllers\AdminControllerRenta))
#3 C:\xampp\htdocs\rentacar\system\CodeIgniter.php(326): CodeIgniter\CodeIgniter->handleRequest(NULL, Object(Config\Cache), false)
#4 C:\xampp\htdocs\rentacar\index.php(37): CodeIgniter\CodeIgniter->run()
#5 {main}
CRITICAL - 2022-04-05 10:14:56 --> Array to string conversion
#0 C:\xampp\htdocs\rentacar\app\Views\admin\renta.php(12): CodeIgniter\Debug\Exceptions->errorHandler(2, 'Array to string...', 'C:\\xampp\\htdocs...', 12)
#1 C:\xampp\htdocs\rentacar\system\View\View.php(210): include('C:\\xampp\\htdocs...')
#2 C:\xampp\htdocs\rentacar\system\View\View.php(213): CodeIgniter\View\View->CodeIgniter\View\{closure}()
#3 C:\xampp\htdocs\rentacar\system\Common.php(1089): CodeIgniter\View\View->render('admin/renta', Array, true)
#4 C:\xampp\htdocs\rentacar\app\Controllers\AdminControllerRenta.php(30): view('admin/renta', Array)
#5 C:\xampp\htdocs\rentacar\system\CodeIgniter.php(832): App\Controllers\AdminControllerRenta->index()
#6 C:\xampp\htdocs\rentacar\system\CodeIgniter.php(419): CodeIgniter\CodeIgniter->runController(Object(App\Controllers\AdminControllerRenta))
#7 C:\xampp\htdocs\rentacar\system\CodeIgniter.php(326): CodeIgniter\CodeIgniter->handleRequest(NULL, Object(Config\Cache), false)
#8 C:\xampp\htdocs\rentacar\index.php(37): CodeIgniter\CodeIgniter->run()
#9 {main}
CRITICAL - 2022-04-05 10:49:06 --> syntax error, unexpected token "if"
#0 C:\xampp\htdocs\rentacar\system\Autoloader\Autoloader.php(241): CodeIgniter\Autoloader\Autoloader->includeFile('C:\\xampp\\htdocs...')
#1 C:\xampp\htdocs\rentacar\system\Autoloader\Autoloader.php(219): CodeIgniter\Autoloader\Autoloader->loadInNamespace('App\\Controllers...')
#2 [internal function]: CodeIgniter\Autoloader\Autoloader->loadClass('App\\Controllers...')
#3 C:\xampp\htdocs\rentacar\system\CodeIgniter.php(797): class_exists('\\App\\Controller...', true)
#4 C:\xampp\htdocs\rentacar\system\CodeIgniter.php(406): CodeIgniter\CodeIgniter->startController()
#5 C:\xampp\htdocs\rentacar\system\CodeIgniter.php(326): CodeIgniter\CodeIgniter->handleRequest(NULL, Object(Config\Cache), false)
#6 C:\xampp\htdocs\rentacar\index.php(37): CodeIgniter\CodeIgniter->run()
#7 {main}
CRITICAL - 2022-04-05 10:52:24 --> syntax error, unexpected token "]"
#0 C:\xampp\htdocs\rentacar\system\Autoloader\Autoloader.php(241): CodeIgniter\Autoloader\Autoloader->includeFile('C:\\xampp\\htdocs...')
#1 C:\xampp\htdocs\rentacar\system\Autoloader\Autoloader.php(219): CodeIgniter\Autoloader\Autoloader->loadInNamespace('App\\Controllers...')
#2 [internal function]: CodeIgniter\Autoloader\Autoloader->loadClass('App\\Controllers...')
#3 C:\xampp\htdocs\rentacar\system\CodeIgniter.php(797): class_exists('\\App\\Controller...', true)
#4 C:\xampp\htdocs\rentacar\system\CodeIgniter.php(406): CodeIgniter\CodeIgniter->startController()
#5 C:\xampp\htdocs\rentacar\system\CodeIgniter.php(326): CodeIgniter\CodeIgniter->handleRequest(NULL, Object(Config\Cache), false)
#6 C:\xampp\htdocs\rentacar\index.php(37): CodeIgniter\CodeIgniter->run()
#7 {main}
CRITICAL - 2022-04-05 10:52:25 --> syntax error, unexpected token "]"
#0 C:\xampp\htdocs\rentacar\system\Autoloader\Autoloader.php(241): CodeIgniter\Autoloader\Autoloader->includeFile('C:\\xampp\\htdocs...')
#1 C:\xampp\htdocs\rentacar\system\Autoloader\Autoloader.php(219): CodeIgniter\Autoloader\Autoloader->loadInNamespace('App\\Controllers...')
#2 [internal function]: CodeIgniter\Autoloader\Autoloader->loadClass('App\\Controllers...')
#3 C:\xampp\htdocs\rentacar\system\CodeIgniter.php(797): class_exists('\\App\\Controller...', true)
#4 C:\xampp\htdocs\rentacar\system\CodeIgniter.php(406): CodeIgniter\CodeIgniter->startController()
#5 C:\xampp\htdocs\rentacar\system\CodeIgniter.php(326): CodeIgniter\CodeIgniter->handleRequest(NULL, Object(Config\Cache), false)
#6 C:\xampp\htdocs\rentacar\index.php(37): CodeIgniter\CodeIgniter->run()
#7 {main}
CRITICAL - 2022-04-05 10:52:26 --> syntax error, unexpected token "]"
#0 C:\xampp\htdocs\rentacar\system\Autoloader\Autoloader.php(241): CodeIgniter\Autoloader\Autoloader->includeFile('C:\\xampp\\htdocs...')
#1 C:\xampp\htdocs\rentacar\system\Autoloader\Autoloader.php(219): CodeIgniter\Autoloader\Autoloader->loadInNamespace('App\\Controllers...')
#2 [internal function]: CodeIgniter\Autoloader\Autoloader->loadClass('App\\Controllers...')
#3 C:\xampp\htdocs\rentacar\system\CodeIgniter.php(797): class_exists('\\App\\Controller...', true)
#4 C:\xampp\htdocs\rentacar\system\CodeIgniter.php(406): CodeIgniter\CodeIgniter->startController()
#5 C:\xampp\htdocs\rentacar\system\CodeIgniter.php(326): CodeIgniter\CodeIgniter->handleRequest(NULL, Object(Config\Cache), false)
#6 C:\xampp\htdocs\rentacar\index.php(37): CodeIgniter\CodeIgniter->run()
#7 {main}
CRITICAL - 2022-04-05 10:52:27 --> syntax error, unexpected token "]"
#0 C:\xampp\htdocs\rentacar\system\Autoloader\Autoloader.php(241): CodeIgniter\Autoloader\Autoloader->includeFile('C:\\xampp\\htdocs...')
#1 C:\xampp\htdocs\rentacar\system\Autoloader\Autoloader.php(219): CodeIgniter\Autoloader\Autoloader->loadInNamespace('App\\Controllers...')
#2 [internal function]: CodeIgniter\Autoloader\Autoloader->loadClass('App\\Controllers...')
#3 C:\xampp\htdocs\rentacar\system\CodeIgniter.php(797): class_exists('\\App\\Controller...', true)
#4 C:\xampp\htdocs\rentacar\system\CodeIgniter.php(406): CodeIgniter\CodeIgniter->startController()
#5 C:\xampp\htdocs\rentacar\system\CodeIgniter.php(326): CodeIgniter\CodeIgniter->handleRequest(NULL, Object(Config\Cache), false)
#6 C:\xampp\htdocs\rentacar\index.php(37): CodeIgniter\CodeIgniter->run()
#7 {main}
CRITICAL - 2022-04-05 10:52:28 --> syntax error, unexpected token "]"
#0 C:\xampp\htdocs\rentacar\system\Autoloader\Autoloader.php(241): CodeIgniter\Autoloader\Autoloader->includeFile('C:\\xampp\\htdocs...')
#1 C:\xampp\htdocs\rentacar\system\Autoloader\Autoloader.php(219): CodeIgniter\Autoloader\Autoloader->loadInNamespace('App\\Controllers...')
#2 [internal function]: CodeIgniter\Autoloader\Autoloader->loadClass('App\\Controllers...')
#3 C:\xampp\htdocs\rentacar\system\CodeIgniter.php(797): class_exists('\\App\\Controller...', true)
#4 C:\xampp\htdocs\rentacar\system\CodeIgniter.php(406): CodeIgniter\CodeIgniter->startController()
#5 C:\xampp\htdocs\rentacar\system\CodeIgniter.php(326): CodeIgniter\CodeIgniter->handleRequest(NULL, Object(Config\Cache), false)
#6 C:\xampp\htdocs\rentacar\index.php(37): CodeIgniter\CodeIgniter->run()
#7 {main}
ERROR - 2022-04-05 11:57:26 --> Unknown column 'telefonoCliente' in 'field list'
CRITICAL - 2022-04-05 11:57:26 --> Call to a member function getResult() on bool
#0 C:\xampp\htdocs\rentacar\system\BaseModel.php(523): CodeIgniter\Model->doFind(false, NULL)
#1 C:\xampp\htdocs\rentacar\system\Model.php(161): CodeIgniter\BaseModel->find()
#2 C:\xampp\htdocs\rentacar\system\BaseModel.php(554): CodeIgniter\Model->doFindColumn('telefonoCliente')
#3 C:\xampp\htdocs\rentacar\app\Controllers\SolicitudController.php(19): CodeIgniter\BaseModel->findColumn('telefonoCliente')
#4 C:\xampp\htdocs\rentacar\system\CodeIgniter.php(832): App\Controllers\SolicitudController->index()
#5 C:\xampp\htdocs\rentacar\system\CodeIgniter.php(419): CodeIgniter\CodeIgniter->runController(Object(App\Controllers\SolicitudController))
#6 C:\xampp\htdocs\rentacar\system\CodeIgniter.php(326): CodeIgniter\CodeIgniter->handleRequest(NULL, Object(Config\Cache), false)
#7 C:\xampp\htdocs\rentacar\index.php(37): CodeIgniter\CodeIgniter->run()
#8 {main}
ERROR - 2022-04-05 11:57:51 --> Unknown column 'telefonoCliente' in 'field list'
CRITICAL - 2022-04-05 11:57:51 --> Call to a member function getResult() on bool
#0 C:\xampp\htdocs\rentacar\system\BaseModel.php(523): CodeIgniter\Model->doFind(false, NULL)
#1 C:\xampp\htdocs\rentacar\system\Model.php(161): CodeIgniter\BaseModel->find()
#2 C:\xampp\htdocs\rentacar\system\BaseModel.php(554): CodeIgniter\Model->doFindColumn('telefonoCliente')
#3 C:\xampp\htdocs\rentacar\app\Controllers\SolicitudController.php(19): CodeIgniter\BaseModel->findColumn('telefonoCliente')
#4 C:\xampp\htdocs\rentacar\system\CodeIgniter.php(832): App\Controllers\SolicitudController->index()
#5 C:\xampp\htdocs\rentacar\system\CodeIgniter.php(419): CodeIgniter\CodeIgniter->runController(Object(App\Controllers\SolicitudController))
#6 C:\xampp\htdocs\rentacar\system\CodeIgniter.php(326): CodeIgniter\CodeIgniter->handleRequest(NULL, Object(Config\Cache), false)
#7 C:\xampp\htdocs\rentacar\index.php(37): CodeIgniter\CodeIgniter->run()
#8 {main}
ERROR - 2022-04-05 11:58:17 --> Unknown column 'telefonoCliente' in 'field list'
CRITICAL - 2022-04-05 11:58:17 --> Call to a member function getResult() on bool
#0 C:\xampp\htdocs\rentacar\system\BaseModel.php(523): CodeIgniter\Model->doFind(false, NULL)
#1 C:\xampp\htdocs\rentacar\system\Model.php(161): CodeIgniter\BaseModel->find()
#2 C:\xampp\htdocs\rentacar\system\BaseModel.php(554): CodeIgniter\Model->doFindColumn('telefonoCliente')
#3 C:\xampp\htdocs\rentacar\app\Controllers\SolicitudController.php(19): CodeIgniter\BaseModel->findColumn('telefonoCliente')
#4 C:\xampp\htdocs\rentacar\system\CodeIgniter.php(832): App\Controllers\SolicitudController->index()
#5 C:\xampp\htdocs\rentacar\system\CodeIgniter.php(419): CodeIgniter\CodeIgniter->runController(Object(App\Controllers\SolicitudController))
#6 C:\xampp\htdocs\rentacar\system\CodeIgniter.php(326): CodeIgniter\CodeIgniter->handleRequest(NULL, Object(Config\Cache), false)
#7 C:\xampp\htdocs\rentacar\index.php(37): CodeIgniter\CodeIgniter->run()
#8 {main}
