CRITICAL - 2022-03-10 09:05:27 --> Invalid file: libros/listasr.php
#0 C:\xampp\htdocs\plantilla\system\View\View.php(198): CodeIgniter\Exceptions\FrameworkException::forInvalidFile('libros/listasr....')
#1 C:\xampp\htdocs\plantilla\system\Common.php(1089): CodeIgniter\View\View->render('libros/listasr', Array, true)
#2 C:\xampp\htdocs\plantilla\app\Controllers\Libros.php(13): view('libros/listasr')
#3 C:\xampp\htdocs\plantilla\system\CodeIgniter.php(832): App\Controllers\Libros->index()
#4 C:\xampp\htdocs\plantilla\system\CodeIgniter.php(419): CodeIgniter\CodeIgniter->runController(Object(App\Controllers\Libros))
#5 C:\xampp\htdocs\plantilla\system\CodeIgniter.php(326): CodeIgniter\CodeIgniter->handleRequest(NULL, Object(Config\Cache), false)
#6 C:\xampp\htdocs\plantilla\public\index.php(37): CodeIgniter\CodeIgniter->run()
#7 {main}
ERROR - 2022-03-10 09:19:11 --> Error connecting to the database: Unknown database 'personas'
CRITICAL - 2022-03-10 09:19:11 --> Unable to connect to the database.
Main connection [MySQLi]: Unknown database 'personas'
#0 C:\xampp\htdocs\plantilla\system\Database\BaseConnection.php(577): CodeIgniter\Database\BaseConnection->initialize()
#1 C:\xampp\htdocs\plantilla\system\Database\BaseBuilder.php(1455): CodeIgniter\Database\BaseConnection->query('SELECT *\nFROM `...', Array, false)
#2 C:\xampp\htdocs\plantilla\system\Model.php(183): CodeIgniter\Database\BaseBuilder->get()
#3 C:\xampp\htdocs\plantilla\system\BaseModel.php(584): CodeIgniter\Model->doFindAll(0, 0)
#4 C:\xampp\htdocs\plantilla\app\Controllers\Libros.php(15): CodeIgniter\BaseModel->findAll()
#5 C:\xampp\htdocs\plantilla\system\CodeIgniter.php(832): App\Controllers\Libros->index()
#6 C:\xampp\htdocs\plantilla\system\CodeIgniter.php(419): CodeIgniter\CodeIgniter->runController(Object(App\Controllers\Libros))
#7 C:\xampp\htdocs\plantilla\system\CodeIgniter.php(326): CodeIgniter\CodeIgniter->handleRequest(NULL, Object(Config\Cache), false)
#8 C:\xampp\htdocs\plantilla\public\index.php(37): CodeIgniter\CodeIgniter->run()
#9 {main}
CRITICAL - 2022-03-10 18:24:15 --> Invalid file: index.php
#0 C:\xampp\htdocs\plantilla\system\View\View.php(198): CodeIgniter\Exceptions\FrameworkException::forInvalidFile('index.php')
#1 C:\xampp\htdocs\plantilla\system\Common.php(1089): CodeIgniter\View\View->render('index', Array, true)
#2 C:\xampp\htdocs\plantilla\app\Controllers\Home.php(9): view('index')
#3 C:\xampp\htdocs\plantilla\system\CodeIgniter.php(832): App\Controllers\Home->index()
#4 C:\xampp\htdocs\plantilla\system\CodeIgniter.php(419): CodeIgniter\CodeIgniter->runController(Object(App\Controllers\Home))
#5 C:\xampp\htdocs\plantilla\system\CodeIgniter.php(326): CodeIgniter\CodeIgniter->handleRequest(NULL, Object(Config\Cache), false)
#6 C:\xampp\htdocs\plantilla\public\index.php(37): CodeIgniter\CodeIgniter->run()
#7 {main}
CRITICAL - 2022-03-10 18:24:46 --> Invalid file: home.php
#0 C:\xampp\htdocs\plantilla\system\View\View.php(198): CodeIgniter\Exceptions\FrameworkException::forInvalidFile('home.php')
#1 C:\xampp\htdocs\plantilla\system\Common.php(1089): CodeIgniter\View\View->render('home', Array, true)
#2 C:\xampp\htdocs\plantilla\app\Controllers\Home.php(9): view('home')
#3 C:\xampp\htdocs\plantilla\system\CodeIgniter.php(832): App\Controllers\Home->index()
#4 C:\xampp\htdocs\plantilla\system\CodeIgniter.php(419): CodeIgniter\CodeIgniter->runController(Object(App\Controllers\Home))
#5 C:\xampp\htdocs\plantilla\system\CodeIgniter.php(326): CodeIgniter\CodeIgniter->handleRequest(NULL, Object(Config\Cache), false)
#6 C:\xampp\htdocs\plantilla\public\index.php(37): CodeIgniter\CodeIgniter->run()
#7 {main}
CRITICAL - 2022-03-10 18:27:50 --> Invalid file: index.php
#0 C:\xampp\htdocs\plantilla\system\View\View.php(198): CodeIgniter\Exceptions\FrameworkException::forInvalidFile('index.php')
#1 C:\xampp\htdocs\plantilla\system\Common.php(1089): CodeIgniter\View\View->render('index', Array, true)
#2 C:\xampp\htdocs\plantilla\app\Controllers\Index.php(12): view('index')
#3 C:\xampp\htdocs\plantilla\system\CodeIgniter.php(832): App\Controllers\Index->index()
#4 C:\xampp\htdocs\plantilla\system\CodeIgniter.php(419): CodeIgniter\CodeIgniter->runController(Object(App\Controllers\Index))
#5 C:\xampp\htdocs\plantilla\system\CodeIgniter.php(326): CodeIgniter\CodeIgniter->handleRequest(NULL, Object(Config\Cache), false)
#6 C:\xampp\htdocs\plantilla\public\index.php(37): CodeIgniter\CodeIgniter->run()
#7 {main}
CRITICAL - 2022-03-10 18:27:55 --> Invalid file: home.php
#0 C:\xampp\htdocs\plantilla\system\View\View.php(198): CodeIgniter\Exceptions\FrameworkException::forInvalidFile('home.php')
#1 C:\xampp\htdocs\plantilla\system\Common.php(1089): CodeIgniter\View\View->render('home', Array, true)
#2 C:\xampp\htdocs\plantilla\app\Controllers\Home.php(9): view('home')
#3 C:\xampp\htdocs\plantilla\system\CodeIgniter.php(832): App\Controllers\Home->index()
#4 C:\xampp\htdocs\plantilla\system\CodeIgniter.php(419): CodeIgniter\CodeIgniter->runController(Object(App\Controllers\Home))
#5 C:\xampp\htdocs\plantilla\system\CodeIgniter.php(326): CodeIgniter\CodeIgniter->handleRequest(NULL, Object(Config\Cache), false)
#6 C:\xampp\htdocs\plantilla\public\index.php(37): CodeIgniter\CodeIgniter->run()
#7 {main}
