CRITICAL - 2022-03-15 09:58:52 --> Invalid file: admin/index.php
#0 C:\xampp\htdocs\rentacar\system\View\View.php(198): CodeIgniter\Exceptions\FrameworkException::forInvalidFile('admin/index.php')
#1 C:\xampp\htdocs\rentacar\system\Common.php(1089): CodeIgniter\View\View->render('admin/index', Array, true)
#2 C:\xampp\htdocs\rentacar\app\Controllers\AdminController.php(13): view('admin/index')
#3 C:\xampp\htdocs\rentacar\system\CodeIgniter.php(832): App\Controllers\AdminController->index()
#4 C:\xampp\htdocs\rentacar\system\CodeIgniter.php(419): CodeIgniter\CodeIgniter->runController(Object(App\Controllers\AdminController))
#5 C:\xampp\htdocs\rentacar\system\CodeIgniter.php(326): CodeIgniter\CodeIgniter->handleRequest(NULL, Object(Config\Cache), false)
#6 C:\xampp\htdocs\rentacar\public\index.php(37): CodeIgniter\CodeIgniter->run()
#7 {main}
CRITICAL - 2022-03-15 17:44:49 --> Undefined variable $active
#0 C:\xampp\htdocs\rentacar\app\Views\includes\header.php(35): CodeIgniter\Debug\Exceptions->errorHandler(2, 'Undefined varia...', 'C:\\xampp\\htdocs...', 35)
#1 C:\xampp\htdocs\rentacar\system\View\View.php(210): include('C:\\xampp\\htdocs...')
#2 C:\xampp\htdocs\rentacar\system\View\View.php(213): CodeIgniter\View\View->CodeIgniter\View\{closure}()
#3 C:\xampp\htdocs\rentacar\system\View\View.php(424): CodeIgniter\View\View->render('includes/header', NULL, true)
#4 C:\xampp\htdocs\rentacar\app\Views\admin\clientes.php(1): CodeIgniter\View\View->include('includes/header')
#5 C:\xampp\htdocs\rentacar\system\View\View.php(210): include('C:\\xampp\\htdocs...')
#6 C:\xampp\htdocs\rentacar\system\View\View.php(213): CodeIgniter\View\View->CodeIgniter\View\{closure}()
#7 C:\xampp\htdocs\rentacar\system\Common.php(1089): CodeIgniter\View\View->render('admin/clientes', Array, true)
#8 C:\xampp\htdocs\rentacar\app\Controllers\AdminController.php(18): view('admin/clientes')
#9 C:\xampp\htdocs\rentacar\system\CodeIgniter.php(832): App\Controllers\AdminController->clientes()
#10 C:\xampp\htdocs\rentacar\system\CodeIgniter.php(419): CodeIgniter\CodeIgniter->runController(Object(App\Controllers\AdminController))
#11 C:\xampp\htdocs\rentacar\system\CodeIgniter.php(326): CodeIgniter\CodeIgniter->handleRequest(NULL, Object(Config\Cache), false)
#12 C:\xampp\htdocs\rentacar\index.php(37): CodeIgniter\CodeIgniter->run()
#13 {main}
CRITICAL - 2022-03-15 17:46:58 --> Undefined variable $cliente
#0 C:\xampp\htdocs\rentacar\app\Views\includes\header.php(43): CodeIgniter\Debug\Exceptions->errorHandler(2, 'Undefined varia...', 'C:\\xampp\\htdocs...', 43)
#1 C:\xampp\htdocs\rentacar\system\View\View.php(210): include('C:\\xampp\\htdocs...')
#2 C:\xampp\htdocs\rentacar\system\View\View.php(213): CodeIgniter\View\View->CodeIgniter\View\{closure}()
#3 C:\xampp\htdocs\rentacar\system\View\View.php(424): CodeIgniter\View\View->render('includes/header', NULL, true)
#4 C:\xampp\htdocs\rentacar\app\Views\admin\renta.php(1): CodeIgniter\View\View->include('includes/header')
#5 C:\xampp\htdocs\rentacar\system\View\View.php(210): include('C:\\xampp\\htdocs...')
#6 C:\xampp\htdocs\rentacar\system\View\View.php(213): CodeIgniter\View\View->CodeIgniter\View\{closure}()
#7 C:\xampp\htdocs\rentacar\system\Common.php(1089): CodeIgniter\View\View->render('admin/renta', Array, true)
#8 C:\xampp\htdocs\rentacar\app\Controllers\AdminController.php(13): view('admin/renta', Array)
#9 C:\xampp\htdocs\rentacar\system\CodeIgniter.php(832): App\Controllers\AdminController->index()
#10 C:\xampp\htdocs\rentacar\system\CodeIgniter.php(419): CodeIgniter\CodeIgniter->runController(Object(App\Controllers\AdminController))
#11 C:\xampp\htdocs\rentacar\system\CodeIgniter.php(326): CodeIgniter\CodeIgniter->handleRequest(NULL, Object(Config\Cache), false)
#12 C:\xampp\htdocs\rentacar\index.php(37): CodeIgniter\CodeIgniter->run()
#13 {main}
CRITICAL - 2022-03-15 17:48:14 --> Undefined variable $dashboard
#0 C:\xampp\htdocs\rentacar\app\Views\includes\header.php(35): CodeIgniter\Debug\Exceptions->errorHandler(2, 'Undefined varia...', 'C:\\xampp\\htdocs...', 35)
#1 C:\xampp\htdocs\rentacar\system\View\View.php(210): include('C:\\xampp\\htdocs...')
#2 C:\xampp\htdocs\rentacar\system\View\View.php(213): CodeIgniter\View\View->CodeIgniter\View\{closure}()
#3 C:\xampp\htdocs\rentacar\system\View\View.php(424): CodeIgniter\View\View->render('includes/header', NULL, true)
#4 C:\xampp\htdocs\rentacar\app\Views\admin\clientes.php(1): CodeIgniter\View\View->include('includes/header')
#5 C:\xampp\htdocs\rentacar\system\View\View.php(210): include('C:\\xampp\\htdocs...')
#6 C:\xampp\htdocs\rentacar\system\View\View.php(213): CodeIgniter\View\View->CodeIgniter\View\{closure}()
#7 C:\xampp\htdocs\rentacar\system\Common.php(1089): CodeIgniter\View\View->render('admin/clientes', Array, true)
#8 C:\xampp\htdocs\rentacar\app\Controllers\AdminController.php(21): view('admin/clientes', Array)
#9 C:\xampp\htdocs\rentacar\system\CodeIgniter.php(832): App\Controllers\AdminController->clientes()
#10 C:\xampp\htdocs\rentacar\system\CodeIgniter.php(419): CodeIgniter\CodeIgniter->runController(Object(App\Controllers\AdminController))
#11 C:\xampp\htdocs\rentacar\system\CodeIgniter.php(326): CodeIgniter\CodeIgniter->handleRequest(NULL, Object(Config\Cache), false)
#12 C:\xampp\htdocs\rentacar\index.php(37): CodeIgniter\CodeIgniter->run()
#13 {main}
