CRITICAL - 2022-03-22 10:37:27 --> The original file is not a valid file.
#0 C:\xampp\htdocs\rentacar\system\HTTP\Files\UploadedFile.php(137): CodeIgniter\HTTP\Exceptions\HTTPException::forInvalidFile()
#1 C:\xampp\htdocs\rentacar\app\Controllers\EmpleadosController.php(31): CodeIgniter\HTTP\Files\UploadedFile->move('./public/upload...', '1647963446_250a...')
#2 C:\xampp\htdocs\rentacar\system\CodeIgniter.php(832): App\Controllers\EmpleadosController->nuevo()
#3 C:\xampp\htdocs\rentacar\system\CodeIgniter.php(419): CodeIgniter\CodeIgniter->runController(Object(App\Controllers\EmpleadosController))
#4 C:\xampp\htdocs\rentacar\system\CodeIgniter.php(326): CodeIgniter\CodeIgniter->handleRequest(NULL, Object(Config\Cache), false)
#5 C:\xampp\htdocs\rentacar\index.php(37): CodeIgniter\CodeIgniter->run()
#6 {main}
CRITICAL - 2022-03-22 11:54:30 --> Undefined variable $vehiculo
#0 C:\xampp\htdocs\rentacar\app\Views\includes\header.php(47): CodeIgniter\Debug\Exceptions->errorHandler(2, 'Undefined varia...', 'C:\\xampp\\htdocs...', 47)
#1 C:\xampp\htdocs\rentacar\system\View\View.php(210): include('C:\\xampp\\htdocs...')
#2 C:\xampp\htdocs\rentacar\system\View\View.php(213): CodeIgniter\View\View->CodeIgniter\View\{closure}()
#3 C:\xampp\htdocs\rentacar\system\View\View.php(424): CodeIgniter\View\View->render('includes/header', NULL, true)
#4 C:\xampp\htdocs\rentacar\app\Views\admin\clientes.php(1): CodeIgniter\View\View->include('includes/header')
#5 C:\xampp\htdocs\rentacar\system\View\View.php(210): include('C:\\xampp\\htdocs...')
#6 C:\xampp\htdocs\rentacar\system\View\View.php(213): CodeIgniter\View\View->CodeIgniter\View\{closure}()
#7 C:\xampp\htdocs\rentacar\system\Common.php(1089): CodeIgniter\View\View->render('admin/clientes', Array, true)
#8 C:\xampp\htdocs\rentacar\app\Controllers\ClientesController.php(26): view('admin/clientes', Array)
#9 C:\xampp\htdocs\rentacar\system\CodeIgniter.php(832): App\Controllers\ClientesController->index()
#10 C:\xampp\htdocs\rentacar\system\CodeIgniter.php(419): CodeIgniter\CodeIgniter->runController(Object(App\Controllers\ClientesController))
#11 C:\xampp\htdocs\rentacar\system\CodeIgniter.php(326): CodeIgniter\CodeIgniter->handleRequest(NULL, Object(Config\Cache), false)
#12 C:\xampp\htdocs\rentacar\index.php(37): CodeIgniter\CodeIgniter->run()
#13 {main}
CRITICAL - 2022-03-22 12:01:28 --> Class "CodeIgniter\Controllers" not found
#0 C:\xampp\htdocs\rentacar\system\Autoloader\Autoloader.php(264): include_once()
#1 C:\xampp\htdocs\rentacar\system\Autoloader\Autoloader.php(241): CodeIgniter\Autoloader\Autoloader->includeFile('C:\\xampp\\htdocs...')
#2 C:\xampp\htdocs\rentacar\system\Autoloader\Autoloader.php(219): CodeIgniter\Autoloader\Autoloader->loadInNamespace('App\\Controllers...')
#3 [internal function]: CodeIgniter\Autoloader\Autoloader->loadClass('App\\Controllers...')
#4 C:\xampp\htdocs\rentacar\system\CodeIgniter.php(797): class_exists('\\App\\Controller...', true)
#5 C:\xampp\htdocs\rentacar\system\CodeIgniter.php(406): CodeIgniter\CodeIgniter->startController()
#6 C:\xampp\htdocs\rentacar\system\CodeIgniter.php(326): CodeIgniter\CodeIgniter->handleRequest(NULL, Object(Config\Cache), false)
#7 C:\xampp\htdocs\rentacar\index.php(37): CodeIgniter\CodeIgniter->run()
#8 {main}
CRITICAL - 2022-03-22 12:02:56 --> Undefined variable $dashboard
#0 C:\xampp\htdocs\rentacar\app\Views\includes\header.php(39): CodeIgniter\Debug\Exceptions->errorHandler(2, 'Undefined varia...', 'C:\\xampp\\htdocs...', 39)
#1 C:\xampp\htdocs\rentacar\system\View\View.php(210): include('C:\\xampp\\htdocs...')
#2 C:\xampp\htdocs\rentacar\system\View\View.php(213): CodeIgniter\View\View->CodeIgniter\View\{closure}()
#3 C:\xampp\htdocs\rentacar\system\View\View.php(424): CodeIgniter\View\View->render('includes/header', NULL, true)
#4 C:\xampp\htdocs\rentacar\app\Views\admin\vehiculos.php(1): CodeIgniter\View\View->include('includes/header')
#5 C:\xampp\htdocs\rentacar\system\View\View.php(210): include('C:\\xampp\\htdocs...')
#6 C:\xampp\htdocs\rentacar\system\View\View.php(213): CodeIgniter\View\View->CodeIgniter\View\{closure}()
#7 C:\xampp\htdocs\rentacar\system\Common.php(1089): CodeIgniter\View\View->render('admin/vehiculos', Array, true)
#8 C:\xampp\htdocs\rentacar\app\Controllers\vehiculosController.php(12): view('admin/vehiculos')
#9 C:\xampp\htdocs\rentacar\system\CodeIgniter.php(832): App\Controllers\vehiculosController->index()
#10 C:\xampp\htdocs\rentacar\system\CodeIgniter.php(419): CodeIgniter\CodeIgniter->runController(Object(App\Controllers\vehiculosController))
#11 C:\xampp\htdocs\rentacar\system\CodeIgniter.php(326): CodeIgniter\CodeIgniter->handleRequest(NULL, Object(Config\Cache), false)
#12 C:\xampp\htdocs\rentacar\index.php(37): CodeIgniter\CodeIgniter->run()
#13 {main}
CRITICAL - 2022-03-22 12:04:17 --> Undefined variable $vehiculos
#0 C:\xampp\htdocs\rentacar\app\Views\includes\header.php(47): CodeIgniter\Debug\Exceptions->errorHandler(2, 'Undefined varia...', 'C:\\xampp\\htdocs...', 47)
#1 C:\xampp\htdocs\rentacar\system\View\View.php(210): include('C:\\xampp\\htdocs...')
#2 C:\xampp\htdocs\rentacar\system\View\View.php(213): CodeIgniter\View\View->CodeIgniter\View\{closure}()
#3 C:\xampp\htdocs\rentacar\system\View\View.php(424): CodeIgniter\View\View->render('includes/header', NULL, true)
#4 C:\xampp\htdocs\rentacar\app\Views\admin\renta.php(1): CodeIgniter\View\View->include('includes/header')
#5 C:\xampp\htdocs\rentacar\system\View\View.php(210): include('C:\\xampp\\htdocs...')
#6 C:\xampp\htdocs\rentacar\system\View\View.php(213): CodeIgniter\View\View->CodeIgniter\View\{closure}()
#7 C:\xampp\htdocs\rentacar\system\Common.php(1089): CodeIgniter\View\View->render('admin/renta', Array, true)
#8 C:\xampp\htdocs\rentacar\app\Controllers\AdminController.php(19): view('admin/renta', Array)
#9 C:\xampp\htdocs\rentacar\system\CodeIgniter.php(832): App\Controllers\AdminController->index()
#10 C:\xampp\htdocs\rentacar\system\CodeIgniter.php(419): CodeIgniter\CodeIgniter->runController(Object(App\Controllers\AdminController))
#11 C:\xampp\htdocs\rentacar\system\CodeIgniter.php(326): CodeIgniter\CodeIgniter->handleRequest(NULL, Object(Config\Cache), false)
#12 C:\xampp\htdocs\rentacar\index.php(37): CodeIgniter\CodeIgniter->run()
#13 {main}
CRITICAL - 2022-03-22 12:29:05 --> Undefined variable $data
#0 C:\xampp\htdocs\rentacar\app\Views\admin\vehiculos.php(29): CodeIgniter\Debug\Exceptions->errorHandler(2, 'Undefined varia...', 'C:\\xampp\\htdocs...', 29)
#1 C:\xampp\htdocs\rentacar\system\View\View.php(210): include('C:\\xampp\\htdocs...')
#2 C:\xampp\htdocs\rentacar\system\View\View.php(213): CodeIgniter\View\View->CodeIgniter\View\{closure}()
#3 C:\xampp\htdocs\rentacar\system\Common.php(1089): CodeIgniter\View\View->render('admin/vehiculos', Array, true)
#4 C:\xampp\htdocs\rentacar\app\Controllers\vehiculosController.php(20): view('admin/vehiculos', Array)
#5 C:\xampp\htdocs\rentacar\system\CodeIgniter.php(832): App\Controllers\vehiculosController->index()
#6 C:\xampp\htdocs\rentacar\system\CodeIgniter.php(419): CodeIgniter\CodeIgniter->runController(Object(App\Controllers\vehiculosController))
#7 C:\xampp\htdocs\rentacar\system\CodeIgniter.php(326): CodeIgniter\CodeIgniter->handleRequest(NULL, Object(Config\Cache), false)
#8 C:\xampp\htdocs\rentacar\index.php(37): CodeIgniter\CodeIgniter->run()
#9 {main}
