CRITICAL - 2022-04-01 11:27:39 --> Undefined variable $data
#0 C:\xampp\htdocs\rentacar\app\Views\vehiculos\catalogo.php(19): CodeIgniter\Debug\Exceptions->errorHandler(2, 'Undefined varia...', 'C:\\xampp\\htdocs...', 19)
#1 C:\xampp\htdocs\rentacar\system\View\View.php(210): include('C:\\xampp\\htdocs...')
#2 C:\xampp\htdocs\rentacar\system\View\View.php(213): CodeIgniter\View\View->CodeIgniter\View\{closure}()
#3 C:\xampp\htdocs\rentacar\system\Common.php(1089): CodeIgniter\View\View->render('vehiculos/catal...', Array, true)
#4 C:\xampp\htdocs\rentacar\app\Controllers\Home.php(21): view('vehiculos/catal...', Array)
#5 C:\xampp\htdocs\rentacar\system\CodeIgniter.php(832): App\Controllers\Home->catalogo()
#6 C:\xampp\htdocs\rentacar\system\CodeIgniter.php(419): CodeIgniter\CodeIgniter->runController(Object(App\Controllers\Home))
#7 C:\xampp\htdocs\rentacar\system\CodeIgniter.php(326): CodeIgniter\CodeIgniter->handleRequest(NULL, Object(Config\Cache), false)
#8 C:\xampp\htdocs\rentacar\index.php(37): CodeIgniter\CodeIgniter->run()
#9 {main}
CRITICAL - 2022-04-01 11:28:16 --> Undefined variable $data
#0 C:\xampp\htdocs\rentacar\app\Views\vehiculos\catalogo.php(20): CodeIgniter\Debug\Exceptions->errorHandler(2, 'Undefined varia...', 'C:\\xampp\\htdocs...', 20)
#1 C:\xampp\htdocs\rentacar\system\View\View.php(210): include('C:\\xampp\\htdocs...')
#2 C:\xampp\htdocs\rentacar\system\View\View.php(213): CodeIgniter\View\View->CodeIgniter\View\{closure}()
#3 C:\xampp\htdocs\rentacar\system\Common.php(1089): CodeIgniter\View\View->render('vehiculos/catal...', Array, true)
#4 C:\xampp\htdocs\rentacar\app\Controllers\Home.php(21): view('vehiculos/catal...', Array)
#5 C:\xampp\htdocs\rentacar\system\CodeIgniter.php(832): App\Controllers\Home->catalogo()
#6 C:\xampp\htdocs\rentacar\system\CodeIgniter.php(419): CodeIgniter\CodeIgniter->runController(Object(App\Controllers\Home))
#7 C:\xampp\htdocs\rentacar\system\CodeIgniter.php(326): CodeIgniter\CodeIgniter->handleRequest(NULL, Object(Config\Cache), false)
#8 C:\xampp\htdocs\rentacar\index.php(37): CodeIgniter\CodeIgniter->run()
#9 {main}
CRITICAL - 2022-04-01 11:29:05 --> Undefined variable $data
#0 C:\xampp\htdocs\rentacar\app\Views\vehiculos\catalogo.php(19): CodeIgniter\Debug\Exceptions->errorHandler(2, 'Undefined varia...', 'C:\\xampp\\htdocs...', 19)
#1 C:\xampp\htdocs\rentacar\system\View\View.php(210): include('C:\\xampp\\htdocs...')
#2 C:\xampp\htdocs\rentacar\system\View\View.php(213): CodeIgniter\View\View->CodeIgniter\View\{closure}()
#3 C:\xampp\htdocs\rentacar\system\Common.php(1089): CodeIgniter\View\View->render('vehiculos/catal...', Array, true)
#4 C:\xampp\htdocs\rentacar\app\Controllers\Home.php(21): view('vehiculos/catal...', Array)
#5 C:\xampp\htdocs\rentacar\system\CodeIgniter.php(832): App\Controllers\Home->catalogo()
#6 C:\xampp\htdocs\rentacar\system\CodeIgniter.php(419): CodeIgniter\CodeIgniter->runController(Object(App\Controllers\Home))
#7 C:\xampp\htdocs\rentacar\system\CodeIgniter.php(326): CodeIgniter\CodeIgniter->handleRequest(NULL, Object(Config\Cache), false)
#8 C:\xampp\htdocs\rentacar\index.php(37): CodeIgniter\CodeIgniter->run()
#9 {main}
CRITICAL - 2022-04-01 11:30:04 --> Undefined variable $data
#0 C:\xampp\htdocs\rentacar\app\Views\vehiculos\catalogo.php(19): CodeIgniter\Debug\Exceptions->errorHandler(2, 'Undefined varia...', 'C:\\xampp\\htdocs...', 19)
#1 C:\xampp\htdocs\rentacar\system\View\View.php(210): include('C:\\xampp\\htdocs...')
#2 C:\xampp\htdocs\rentacar\system\View\View.php(213): CodeIgniter\View\View->CodeIgniter\View\{closure}()
#3 C:\xampp\htdocs\rentacar\system\Common.php(1089): CodeIgniter\View\View->render('vehiculos/catal...', Array, true)
#4 C:\xampp\htdocs\rentacar\app\Controllers\CatalogoController.php(17): view('vehiculos/catal...')
#5 C:\xampp\htdocs\rentacar\system\CodeIgniter.php(832): App\Controllers\CatalogoController->index()
#6 C:\xampp\htdocs\rentacar\system\CodeIgniter.php(419): CodeIgniter\CodeIgniter->runController(Object(App\Controllers\CatalogoController))
#7 C:\xampp\htdocs\rentacar\system\CodeIgniter.php(326): CodeIgniter\CodeIgniter->handleRequest(NULL, Object(Config\Cache), false)
#8 C:\xampp\htdocs\rentacar\index.php(37): CodeIgniter\CodeIgniter->run()
#9 {main}
CRITICAL - 2022-04-01 11:30:07 --> Undefined variable $data
#0 C:\xampp\htdocs\rentacar\app\Views\vehiculos\catalogo.php(19): CodeIgniter\Debug\Exceptions->errorHandler(2, 'Undefined varia...', 'C:\\xampp\\htdocs...', 19)
#1 C:\xampp\htdocs\rentacar\system\View\View.php(210): include('C:\\xampp\\htdocs...')
#2 C:\xampp\htdocs\rentacar\system\View\View.php(213): CodeIgniter\View\View->CodeIgniter\View\{closure}()
#3 C:\xampp\htdocs\rentacar\system\Common.php(1089): CodeIgniter\View\View->render('vehiculos/catal...', Array, true)
#4 C:\xampp\htdocs\rentacar\app\Controllers\CatalogoController.php(17): view('vehiculos/catal...')
#5 C:\xampp\htdocs\rentacar\system\CodeIgniter.php(832): App\Controllers\CatalogoController->index()
#6 C:\xampp\htdocs\rentacar\system\CodeIgniter.php(419): CodeIgniter\CodeIgniter->runController(Object(App\Controllers\CatalogoController))
#7 C:\xampp\htdocs\rentacar\system\CodeIgniter.php(326): CodeIgniter\CodeIgniter->handleRequest(NULL, Object(Config\Cache), false)
#8 C:\xampp\htdocs\rentacar\index.php(37): CodeIgniter\CodeIgniter->run()
#9 {main}
CRITICAL - 2022-04-01 11:30:22 --> Undefined variable $data
#0 C:\xampp\htdocs\rentacar\app\Views\vehiculos\catalogo.php(19): CodeIgniter\Debug\Exceptions->errorHandler(2, 'Undefined varia...', 'C:\\xampp\\htdocs...', 19)
#1 C:\xampp\htdocs\rentacar\system\View\View.php(210): include('C:\\xampp\\htdocs...')
#2 C:\xampp\htdocs\rentacar\system\View\View.php(213): CodeIgniter\View\View->CodeIgniter\View\{closure}()
#3 C:\xampp\htdocs\rentacar\system\Common.php(1089): CodeIgniter\View\View->render('vehiculos/catal...', Array, true)
#4 C:\xampp\htdocs\rentacar\app\Controllers\CatalogoController.php(17): view('vehiculos/catal...')
#5 C:\xampp\htdocs\rentacar\system\CodeIgniter.php(832): App\Controllers\CatalogoController->index()
#6 C:\xampp\htdocs\rentacar\system\CodeIgniter.php(419): CodeIgniter\CodeIgniter->runController(Object(App\Controllers\CatalogoController))
#7 C:\xampp\htdocs\rentacar\system\CodeIgniter.php(326): CodeIgniter\CodeIgniter->handleRequest(NULL, Object(Config\Cache), false)
#8 C:\xampp\htdocs\rentacar\index.php(37): CodeIgniter\CodeIgniter->run()
#9 {main}
CRITICAL - 2022-04-01 11:30:43 --> Undefined variable $data
#0 C:\xampp\htdocs\rentacar\app\Views\vehiculos\catalogo.php(19): CodeIgniter\Debug\Exceptions->errorHandler(2, 'Undefined varia...', 'C:\\xampp\\htdocs...', 19)
#1 C:\xampp\htdocs\rentacar\system\View\View.php(210): include('C:\\xampp\\htdocs...')
#2 C:\xampp\htdocs\rentacar\system\View\View.php(213): CodeIgniter\View\View->CodeIgniter\View\{closure}()
#3 C:\xampp\htdocs\rentacar\system\Common.php(1089): CodeIgniter\View\View->render('vehiculos/catal...', Array, true)
#4 C:\xampp\htdocs\rentacar\app\Controllers\CatalogoController.php(17): view('vehiculos/catal...')
#5 C:\xampp\htdocs\rentacar\system\CodeIgniter.php(832): App\Controllers\CatalogoController->index()
#6 C:\xampp\htdocs\rentacar\system\CodeIgniter.php(419): CodeIgniter\CodeIgniter->runController(Object(App\Controllers\CatalogoController))
#7 C:\xampp\htdocs\rentacar\system\CodeIgniter.php(326): CodeIgniter\CodeIgniter->handleRequest(NULL, Object(Config\Cache), false)
#8 C:\xampp\htdocs\rentacar\index.php(37): CodeIgniter\CodeIgniter->run()
#9 {main}
CRITICAL - 2022-04-01 11:31:01 --> Undefined variable $data
#0 C:\xampp\htdocs\rentacar\app\Views\vehiculos\catalogo.php(19): CodeIgniter\Debug\Exceptions->errorHandler(2, 'Undefined varia...', 'C:\\xampp\\htdocs...', 19)
#1 C:\xampp\htdocs\rentacar\system\View\View.php(210): include('C:\\xampp\\htdocs...')
#2 C:\xampp\htdocs\rentacar\system\View\View.php(213): CodeIgniter\View\View->CodeIgniter\View\{closure}()
#3 C:\xampp\htdocs\rentacar\system\Common.php(1089): CodeIgniter\View\View->render('vehiculos/catal...', Array, true)
#4 C:\xampp\htdocs\rentacar\app\Controllers\CatalogoController.php(17): view('vehiculos/catal...', Array)
#5 C:\xampp\htdocs\rentacar\system\CodeIgniter.php(832): App\Controllers\CatalogoController->index()
#6 C:\xampp\htdocs\rentacar\system\CodeIgniter.php(419): CodeIgniter\CodeIgniter->runController(Object(App\Controllers\CatalogoController))
#7 C:\xampp\htdocs\rentacar\system\CodeIgniter.php(326): CodeIgniter\CodeIgniter->handleRequest(NULL, Object(Config\Cache), false)
#8 C:\xampp\htdocs\rentacar\index.php(37): CodeIgniter\CodeIgniter->run()
#9 {main}
CRITICAL - 2022-04-01 11:32:51 --> Array to string conversion
#0 C:\xampp\htdocs\rentacar\app\Views\vehiculos\catalogo.php(19): CodeIgniter\Debug\Exceptions->errorHandler(2, 'Array to string...', 'C:\\xampp\\htdocs...', 19)
#1 C:\xampp\htdocs\rentacar\system\View\View.php(210): include('C:\\xampp\\htdocs...')
#2 C:\xampp\htdocs\rentacar\system\View\View.php(213): CodeIgniter\View\View->CodeIgniter\View\{closure}()
#3 C:\xampp\htdocs\rentacar\system\Common.php(1089): CodeIgniter\View\View->render('vehiculos/catal...', Array, true)
#4 C:\xampp\htdocs\rentacar\app\Controllers\CatalogoController.php(16): view('vehiculos/catal...', Array)
#5 C:\xampp\htdocs\rentacar\system\CodeIgniter.php(832): App\Controllers\CatalogoController->index()
#6 C:\xampp\htdocs\rentacar\system\CodeIgniter.php(419): CodeIgniter\CodeIgniter->runController(Object(App\Controllers\CatalogoController))
#7 C:\xampp\htdocs\rentacar\system\CodeIgniter.php(326): CodeIgniter\CodeIgniter->handleRequest(NULL, Object(Config\Cache), false)
#8 C:\xampp\htdocs\rentacar\index.php(37): CodeIgniter\CodeIgniter->run()
#9 {main}
CRITICAL - 2022-04-01 11:32:59 --> Array to string conversion
#0 C:\xampp\htdocs\rentacar\app\Views\vehiculos\catalogo.php(19): CodeIgniter\Debug\Exceptions->errorHandler(2, 'Array to string...', 'C:\\xampp\\htdocs...', 19)
#1 C:\xampp\htdocs\rentacar\system\View\View.php(210): include('C:\\xampp\\htdocs...')
#2 C:\xampp\htdocs\rentacar\system\View\View.php(213): CodeIgniter\View\View->CodeIgniter\View\{closure}()
#3 C:\xampp\htdocs\rentacar\system\Common.php(1089): CodeIgniter\View\View->render('vehiculos/catal...', Array, true)
#4 C:\xampp\htdocs\rentacar\app\Controllers\CatalogoController.php(16): view('vehiculos/catal...', Array)
#5 C:\xampp\htdocs\rentacar\system\CodeIgniter.php(832): App\Controllers\CatalogoController->index()
#6 C:\xampp\htdocs\rentacar\system\CodeIgniter.php(419): CodeIgniter\CodeIgniter->runController(Object(App\Controllers\CatalogoController))
#7 C:\xampp\htdocs\rentacar\system\CodeIgniter.php(326): CodeIgniter\CodeIgniter->handleRequest(NULL, Object(Config\Cache), false)
#8 C:\xampp\htdocs\rentacar\index.php(37): CodeIgniter\CodeIgniter->run()
#9 {main}
CRITICAL - 2022-04-01 11:33:14 --> Array to string conversion
#0 C:\xampp\htdocs\rentacar\app\Views\vehiculos\catalogo.php(19): CodeIgniter\Debug\Exceptions->errorHandler(2, 'Array to string...', 'C:\\xampp\\htdocs...', 19)
#1 C:\xampp\htdocs\rentacar\system\View\View.php(210): include('C:\\xampp\\htdocs...')
#2 C:\xampp\htdocs\rentacar\system\View\View.php(213): CodeIgniter\View\View->CodeIgniter\View\{closure}()
#3 C:\xampp\htdocs\rentacar\system\Common.php(1089): CodeIgniter\View\View->render('vehiculos/catal...', Array, true)
#4 C:\xampp\htdocs\rentacar\app\Controllers\CatalogoController.php(16): view('vehiculos/catal...', Array)
#5 C:\xampp\htdocs\rentacar\system\CodeIgniter.php(832): App\Controllers\CatalogoController->index()
#6 C:\xampp\htdocs\rentacar\system\CodeIgniter.php(419): CodeIgniter\CodeIgniter->runController(Object(App\Controllers\CatalogoController))
#7 C:\xampp\htdocs\rentacar\system\CodeIgniter.php(326): CodeIgniter\CodeIgniter->handleRequest(NULL, Object(Config\Cache), false)
#8 C:\xampp\htdocs\rentacar\index.php(37): CodeIgniter\CodeIgniter->run()
#9 {main}
