CRITICAL - 2022-03-23 11:18:53 --> Undefined variable $route
#0 C:\xampp\htdocs\rentacar\app\Config\Routes.php(66): CodeIgniter\Debug\Exceptions->errorHandler(2, 'Undefined varia...', 'C:\\xampp\\htdocs...', 66)
#1 C:\xampp\htdocs\rentacar\system\CodeIgniter.php(713): require('C:\\xampp\\htdocs...')
#2 C:\xampp\htdocs\rentacar\system\CodeIgniter.php(368): CodeIgniter\CodeIgniter->tryToRouteIt(Object(CodeIgniter\Router\RouteCollection))
#3 C:\xampp\htdocs\rentacar\system\CodeIgniter.php(326): CodeIgniter\CodeIgniter->handleRequest(NULL, Object(Config\Cache), false)
#4 C:\xampp\htdocs\rentacar\index.php(37): CodeIgniter\CodeIgniter->run()
#5 {main}
CRITICAL - 2022-03-23 11:43:17 --> Undefined property: App\Controllers\vehiculosController::$input
#0 C:\xampp\htdocs\rentacar\app\Controllers\vehiculosController.php(35): CodeIgniter\Debug\Exceptions->errorHandler(2, 'Undefined prope...', 'C:\\xampp\\htdocs...', 35)
#1 C:\xampp\htdocs\rentacar\system\CodeIgniter.php(832): App\Controllers\vehiculosController->nuevo()
#2 C:\xampp\htdocs\rentacar\system\CodeIgniter.php(419): CodeIgniter\CodeIgniter->runController(Object(App\Controllers\vehiculosController))
#3 C:\xampp\htdocs\rentacar\system\CodeIgniter.php(326): CodeIgniter\CodeIgniter->handleRequest(NULL, Object(Config\Cache), false)
#4 C:\xampp\htdocs\rentacar\index.php(37): CodeIgniter\CodeIgniter->run()
#5 {main}
CRITICAL - 2022-03-23 11:44:26 --> Undefined property: App\Controllers\vehiculosController::$input
#0 C:\xampp\htdocs\rentacar\app\Controllers\vehiculosController.php(35): CodeIgniter\Debug\Exceptions->errorHandler(2, 'Undefined prope...', 'C:\\xampp\\htdocs...', 35)
#1 C:\xampp\htdocs\rentacar\system\CodeIgniter.php(832): App\Controllers\vehiculosController->nuevo()
#2 C:\xampp\htdocs\rentacar\system\CodeIgniter.php(419): CodeIgniter\CodeIgniter->runController(Object(App\Controllers\vehiculosController))
#3 C:\xampp\htdocs\rentacar\system\CodeIgniter.php(326): CodeIgniter\CodeIgniter->handleRequest(NULL, Object(Config\Cache), false)
#4 C:\xampp\htdocs\rentacar\index.php(37): CodeIgniter\CodeIgniter->run()
#5 {main}
CRITICAL - 2022-03-23 11:45:58 --> syntax error, unexpected identifier "marca", expecting ")"
#0 C:\xampp\htdocs\rentacar\system\Autoloader\Autoloader.php(241): CodeIgniter\Autoloader\Autoloader->includeFile('C:\\xampp\\htdocs...')
#1 C:\xampp\htdocs\rentacar\system\Autoloader\Autoloader.php(219): CodeIgniter\Autoloader\Autoloader->loadInNamespace('App\\Controllers...')
#2 [internal function]: CodeIgniter\Autoloader\Autoloader->loadClass('App\\Controllers...')
#3 C:\xampp\htdocs\rentacar\system\CodeIgniter.php(797): class_exists('\\App\\Controller...', true)
#4 C:\xampp\htdocs\rentacar\system\CodeIgniter.php(406): CodeIgniter\CodeIgniter->startController()
#5 C:\xampp\htdocs\rentacar\system\CodeIgniter.php(326): CodeIgniter\CodeIgniter->handleRequest(NULL, Object(Config\Cache), false)
#6 C:\xampp\htdocs\rentacar\index.php(37): CodeIgniter\CodeIgniter->run()
#7 {main}
CRITICAL - 2022-03-23 11:46:02 --> syntax error, unexpected identifier "marca", expecting ")"
#0 C:\xampp\htdocs\rentacar\system\Autoloader\Autoloader.php(241): CodeIgniter\Autoloader\Autoloader->includeFile('C:\\xampp\\htdocs...')
#1 C:\xampp\htdocs\rentacar\system\Autoloader\Autoloader.php(219): CodeIgniter\Autoloader\Autoloader->loadInNamespace('App\\Controllers...')
#2 [internal function]: CodeIgniter\Autoloader\Autoloader->loadClass('App\\Controllers...')
#3 C:\xampp\htdocs\rentacar\system\CodeIgniter.php(797): class_exists('\\App\\Controller...', true)
#4 C:\xampp\htdocs\rentacar\system\CodeIgniter.php(406): CodeIgniter\CodeIgniter->startController()
#5 C:\xampp\htdocs\rentacar\system\CodeIgniter.php(326): CodeIgniter\CodeIgniter->handleRequest(NULL, Object(Config\Cache), false)
#6 C:\xampp\htdocs\rentacar\index.php(37): CodeIgniter\CodeIgniter->run()
#7 {main}
CRITICAL - 2022-03-23 11:46:34 --> Undefined property: App\Controllers\vehiculosController::$input
#0 C:\xampp\htdocs\rentacar\app\Controllers\vehiculosController.php(35): CodeIgniter\Debug\Exceptions->errorHandler(2, 'Undefined prope...', 'C:\\xampp\\htdocs...', 35)
#1 C:\xampp\htdocs\rentacar\system\CodeIgniter.php(832): App\Controllers\vehiculosController->nuevo()
#2 C:\xampp\htdocs\rentacar\system\CodeIgniter.php(419): CodeIgniter\CodeIgniter->runController(Object(App\Controllers\vehiculosController))
#3 C:\xampp\htdocs\rentacar\system\CodeIgniter.php(326): CodeIgniter\CodeIgniter->handleRequest(NULL, Object(Config\Cache), false)
#4 C:\xampp\htdocs\rentacar\index.php(37): CodeIgniter\CodeIgniter->run()
#5 {main}
CRITICAL - 2022-03-23 11:47:49 --> Undefined property: App\Controllers\vehiculosController::$input
#0 C:\xampp\htdocs\rentacar\app\Controllers\vehiculosController.php(29): CodeIgniter\Debug\Exceptions->errorHandler(2, 'Undefined prope...', 'C:\\xampp\\htdocs...', 29)
#1 C:\xampp\htdocs\rentacar\system\CodeIgniter.php(832): App\Controllers\vehiculosController->nuevo()
#2 C:\xampp\htdocs\rentacar\system\CodeIgniter.php(419): CodeIgniter\CodeIgniter->runController(Object(App\Controllers\vehiculosController))
#3 C:\xampp\htdocs\rentacar\system\CodeIgniter.php(326): CodeIgniter\CodeIgniter->handleRequest(NULL, Object(Config\Cache), false)
#4 C:\xampp\htdocs\rentacar\index.php(37): CodeIgniter\CodeIgniter->run()
#5 {main}
CRITICAL - 2022-03-23 11:55:42 --> Undefined property: App\Controllers\vehiculosController::$input
#0 C:\xampp\htdocs\rentacar\app\Controllers\vehiculosController.php(26): CodeIgniter\Debug\Exceptions->errorHandler(2, 'Undefined prope...', 'C:\\xampp\\htdocs...', 26)
#1 C:\xampp\htdocs\rentacar\system\CodeIgniter.php(832): App\Controllers\vehiculosController->nuevo()
#2 C:\xampp\htdocs\rentacar\system\CodeIgniter.php(419): CodeIgniter\CodeIgniter->runController(Object(App\Controllers\vehiculosController))
#3 C:\xampp\htdocs\rentacar\system\CodeIgniter.php(326): CodeIgniter\CodeIgniter->handleRequest(NULL, Object(Config\Cache), false)
#4 C:\xampp\htdocs\rentacar\index.php(37): CodeIgniter\CodeIgniter->run()
#5 {main}
CRITICAL - 2022-03-23 11:56:46 --> Undefined property: App\Controllers\vehiculosController::$input
#0 C:\xampp\htdocs\rentacar\app\Controllers\vehiculosController.php(26): CodeIgniter\Debug\Exceptions->errorHandler(2, 'Undefined prope...', 'C:\\xampp\\htdocs...', 26)
#1 C:\xampp\htdocs\rentacar\system\CodeIgniter.php(832): App\Controllers\vehiculosController->nuevo()
#2 C:\xampp\htdocs\rentacar\system\CodeIgniter.php(419): CodeIgniter\CodeIgniter->runController(Object(App\Controllers\vehiculosController))
#3 C:\xampp\htdocs\rentacar\system\CodeIgniter.php(326): CodeIgniter\CodeIgniter->handleRequest(NULL, Object(Config\Cache), false)
#4 C:\xampp\htdocs\rentacar\index.php(37): CodeIgniter\CodeIgniter->run()
#5 {main}
CRITICAL - 2022-03-23 12:05:10 --> Undefined property: App\Controllers\vehiculosController::$input
#0 C:\xampp\htdocs\rentacar\app\Controllers\vehiculosController.php(26): CodeIgniter\Debug\Exceptions->errorHandler(2, 'Undefined prope...', 'C:\\xampp\\htdocs...', 26)
#1 C:\xampp\htdocs\rentacar\system\CodeIgniter.php(832): App\Controllers\vehiculosController->nuevo()
#2 C:\xampp\htdocs\rentacar\system\CodeIgniter.php(419): CodeIgniter\CodeIgniter->runController(Object(App\Controllers\vehiculosController))
#3 C:\xampp\htdocs\rentacar\system\CodeIgniter.php(326): CodeIgniter\CodeIgniter->handleRequest(NULL, Object(Config\Cache), false)
#4 C:\xampp\htdocs\rentacar\index.php(37): CodeIgniter\CodeIgniter->run()
#5 {main}
CRITICAL - 2022-03-23 12:07:43 --> Undefined property: App\Controllers\vehiculosController::$input
#0 C:\xampp\htdocs\rentacar\app\Controllers\vehiculosController.php(26): CodeIgniter\Debug\Exceptions->errorHandler(2, 'Undefined prope...', 'C:\\xampp\\htdocs...', 26)
#1 C:\xampp\htdocs\rentacar\system\CodeIgniter.php(832): App\Controllers\vehiculosController->nuevo()
#2 C:\xampp\htdocs\rentacar\system\CodeIgniter.php(419): CodeIgniter\CodeIgniter->runController(Object(App\Controllers\vehiculosController))
#3 C:\xampp\htdocs\rentacar\system\CodeIgniter.php(326): CodeIgniter\CodeIgniter->handleRequest(NULL, Object(Config\Cache), false)
#4 C:\xampp\htdocs\rentacar\index.php(37): CodeIgniter\CodeIgniter->run()
#5 {main}
CRITICAL - 2022-03-23 12:12:52 --> Undefined property: CodeIgniter\HTTP\IncomingRequest::$input
#0 C:\xampp\htdocs\rentacar\app\Controllers\vehiculosController.php(26): CodeIgniter\Debug\Exceptions->errorHandler(2, 'Undefined prope...', 'C:\\xampp\\htdocs...', 26)
#1 C:\xampp\htdocs\rentacar\system\CodeIgniter.php(832): App\Controllers\vehiculosController->nuevo()
#2 C:\xampp\htdocs\rentacar\system\CodeIgniter.php(419): CodeIgniter\CodeIgniter->runController(Object(App\Controllers\vehiculosController))
#3 C:\xampp\htdocs\rentacar\system\CodeIgniter.php(326): CodeIgniter\CodeIgniter->handleRequest(NULL, Object(Config\Cache), false)
#4 C:\xampp\htdocs\rentacar\index.php(37): CodeIgniter\CodeIgniter->run()
#5 {main}
CRITICAL - 2022-03-23 12:45:06 --> Undefined property: CodeIgniter\HTTP\IncomingRequest::$input
#0 C:\xampp\htdocs\rentacar\app\Controllers\vehiculosController.php(26): CodeIgniter\Debug\Exceptions->errorHandler(2, 'Undefined prope...', 'C:\\xampp\\htdocs...', 26)
#1 C:\xampp\htdocs\rentacar\system\CodeIgniter.php(832): App\Controllers\vehiculosController->nuevo()
#2 C:\xampp\htdocs\rentacar\system\CodeIgniter.php(419): CodeIgniter\CodeIgniter->runController(Object(App\Controllers\vehiculosController))
#3 C:\xampp\htdocs\rentacar\system\CodeIgniter.php(326): CodeIgniter\CodeIgniter->handleRequest(NULL, Object(Config\Cache), false)
#4 C:\xampp\htdocs\rentacar\index.php(37): CodeIgniter\CodeIgniter->run()
#5 {main}
CRITICAL - 2022-03-23 13:11:30 --> Undefined property: CodeIgniter\HTTP\IncomingRequest::$input
#0 C:\xampp\htdocs\rentacar\app\Controllers\vehiculosController.php(26): CodeIgniter\Debug\Exceptions->errorHandler(2, 'Undefined prope...', 'C:\\xampp\\htdocs...', 26)
#1 C:\xampp\htdocs\rentacar\system\CodeIgniter.php(832): App\Controllers\vehiculosController->nuevo()
#2 C:\xampp\htdocs\rentacar\system\CodeIgniter.php(419): CodeIgniter\CodeIgniter->runController(Object(App\Controllers\vehiculosController))
#3 C:\xampp\htdocs\rentacar\system\CodeIgniter.php(326): CodeIgniter\CodeIgniter->handleRequest(NULL, Object(Config\Cache), false)
#4 C:\xampp\htdocs\rentacar\index.php(37): CodeIgniter\CodeIgniter->run()
#5 {main}
CRITICAL - 2022-03-23 13:12:24 --> Undefined property: CodeIgniter\HTTP\IncomingRequest::$input
#0 C:\xampp\htdocs\rentacar\app\Controllers\vehiculosController.php(26): CodeIgniter\Debug\Exceptions->errorHandler(2, 'Undefined prope...', 'C:\\xampp\\htdocs...', 26)
#1 C:\xampp\htdocs\rentacar\system\CodeIgniter.php(832): App\Controllers\vehiculosController->nuevo()
#2 C:\xampp\htdocs\rentacar\system\CodeIgniter.php(419): CodeIgniter\CodeIgniter->runController(Object(App\Controllers\vehiculosController))
#3 C:\xampp\htdocs\rentacar\system\CodeIgniter.php(326): CodeIgniter\CodeIgniter->handleRequest(NULL, Object(Config\Cache), false)
#4 C:\xampp\htdocs\rentacar\index.php(37): CodeIgniter\CodeIgniter->run()
#5 {main}
CRITICAL - 2022-03-23 13:15:50 --> The original file is not a valid file.
#0 C:\xampp\htdocs\rentacar\system\HTTP\Files\UploadedFile.php(137): CodeIgniter\HTTP\Exceptions\HTTPException::forInvalidFile()
#1 C:\xampp\htdocs\rentacar\app\Controllers\vehiculosController.php(30): CodeIgniter\HTTP\Files\UploadedFile->move('./public/upload...', '1648059349_561e...')
#2 C:\xampp\htdocs\rentacar\system\CodeIgniter.php(832): App\Controllers\vehiculosController->nuevo()
#3 C:\xampp\htdocs\rentacar\system\CodeIgniter.php(419): CodeIgniter\CodeIgniter->runController(Object(App\Controllers\vehiculosController))
#4 C:\xampp\htdocs\rentacar\system\CodeIgniter.php(326): CodeIgniter\CodeIgniter->handleRequest(NULL, Object(Config\Cache), false)
#5 C:\xampp\htdocs\rentacar\index.php(37): CodeIgniter\CodeIgniter->run()
#6 {main}
CRITICAL - 2022-03-23 13:19:14 --> Undefined property: App\Controllers\vehiculosController::$input
#0 C:\xampp\htdocs\rentacar\app\Controllers\vehiculosController.php(36): CodeIgniter\Debug\Exceptions->errorHandler(2, 'Undefined prope...', 'C:\\xampp\\htdocs...', 36)
#1 C:\xampp\htdocs\rentacar\system\CodeIgniter.php(832): App\Controllers\vehiculosController->nuevo()
#2 C:\xampp\htdocs\rentacar\system\CodeIgniter.php(419): CodeIgniter\CodeIgniter->runController(Object(App\Controllers\vehiculosController))
#3 C:\xampp\htdocs\rentacar\system\CodeIgniter.php(326): CodeIgniter\CodeIgniter->handleRequest(NULL, Object(Config\Cache), false)
#4 C:\xampp\htdocs\rentacar\index.php(37): CodeIgniter\CodeIgniter->run()
#5 {main}
ERROR - 2022-03-23 13:23:25 --> Unknown column 'tipocombistible' in 'field list'
ERROR - 2022-03-23 13:23:39 --> Unknown column 'tipocombistible' in 'field list'
CRITICAL - 2022-03-23 13:25:02 --> The original file is not a valid file.
#0 C:\xampp\htdocs\rentacar\system\HTTP\Files\UploadedFile.php(137): CodeIgniter\HTTP\Exceptions\HTTPException::forInvalidFile()
#1 C:\xampp\htdocs\rentacar\app\Controllers\vehiculosController.php(28): CodeIgniter\HTTP\Files\UploadedFile->move('./public/upload...', '1648059902_f381...')
#2 C:\xampp\htdocs\rentacar\system\CodeIgniter.php(832): App\Controllers\vehiculosController->nuevo()
#3 C:\xampp\htdocs\rentacar\system\CodeIgniter.php(419): CodeIgniter\CodeIgniter->runController(Object(App\Controllers\vehiculosController))
#4 C:\xampp\htdocs\rentacar\system\CodeIgniter.php(326): CodeIgniter\CodeIgniter->handleRequest(NULL, Object(Config\Cache), false)
#5 C:\xampp\htdocs\rentacar\index.php(37): CodeIgniter\CodeIgniter->run()
#6 {main}
ERROR - 2022-03-23 13:25:15 --> Unknown column 'tipocombistible' in 'field list'
ERROR - 2022-03-23 13:28:10 --> Unknown column 'tipocombistible' in 'field list'
ERROR - 2022-03-23 13:30:51 --> Unknown column 'tipocombistible' in 'field list'
ERROR - 2022-03-23 13:31:27 --> Unknown column 'tipocombistible' in 'field list'
ERROR - 2022-03-23 13:31:37 --> Unknown column 'tipocombistible' in 'field list'
ERROR - 2022-03-23 13:31:51 --> Unknown column 'tipocombistible' in 'field list'
CRITICAL - 2022-03-23 18:55:00 --> unlink(./public/uploads/1648047747_8d5c56c6e61179866c16.jpg): No such file or directory
#0 [internal function]: CodeIgniter\Debug\Exceptions->errorHandler(2, 'unlink(./public...', 'C:\\xampp\\htdocs...', 52)
#1 C:\xampp\htdocs\rentacar\app\Controllers\EmpleadosController.php(52): unlink('./public/upload...')
#2 C:\xampp\htdocs\rentacar\system\CodeIgniter.php(832): App\Controllers\EmpleadosController->borrar('14')
#3 C:\xampp\htdocs\rentacar\system\CodeIgniter.php(419): CodeIgniter\CodeIgniter->runController(Object(App\Controllers\EmpleadosController))
#4 C:\xampp\htdocs\rentacar\system\CodeIgniter.php(326): CodeIgniter\CodeIgniter->handleRequest(NULL, Object(Config\Cache), false)
#5 C:\xampp\htdocs\rentacar\index.php(37): CodeIgniter\CodeIgniter->run()
#6 {main}
CRITICAL - 2022-03-23 18:56:57 --> Undefined array key "marca"
#0 C:\xampp\htdocs\rentacar\app\Views\admin\vehiculos.php(35): CodeIgniter\Debug\Exceptions->errorHandler(2, 'Undefined array...', 'C:\\xampp\\htdocs...', 35)
#1 C:\xampp\htdocs\rentacar\system\View\View.php(210): include('C:\\xampp\\htdocs...')
#2 C:\xampp\htdocs\rentacar\system\View\View.php(213): CodeIgniter\View\View->CodeIgniter\View\{closure}()
#3 C:\xampp\htdocs\rentacar\system\Common.php(1089): CodeIgniter\View\View->render('admin/vehiculos', Array, true)
#4 C:\xampp\htdocs\rentacar\app\Controllers\vehiculosController.php(24): view('admin/vehiculos', Array)
#5 C:\xampp\htdocs\rentacar\system\CodeIgniter.php(832): App\Controllers\vehiculosController->index()
#6 C:\xampp\htdocs\rentacar\system\CodeIgniter.php(419): CodeIgniter\CodeIgniter->runController(Object(App\Controllers\vehiculosController))
#7 C:\xampp\htdocs\rentacar\system\CodeIgniter.php(326): CodeIgniter\CodeIgniter->handleRequest(NULL, Object(Config\Cache), false)
#8 C:\xampp\htdocs\rentacar\index.php(37): CodeIgniter\CodeIgniter->run()
#9 {main}
CRITICAL - 2022-03-23 18:58:14 --> syntax error, unexpected end of file
#0 C:\xampp\htdocs\rentacar\system\View\View.php(213): CodeIgniter\View\View->CodeIgniter\View\{closure}()
#1 C:\xampp\htdocs\rentacar\system\Common.php(1089): CodeIgniter\View\View->render('admin/vehiculos', Array, true)
#2 C:\xampp\htdocs\rentacar\app\Controllers\vehiculosController.php(24): view('admin/vehiculos', Array)
#3 C:\xampp\htdocs\rentacar\system\CodeIgniter.php(832): App\Controllers\vehiculosController->index()
#4 C:\xampp\htdocs\rentacar\system\CodeIgniter.php(419): CodeIgniter\CodeIgniter->runController(Object(App\Controllers\vehiculosController))
#5 C:\xampp\htdocs\rentacar\system\CodeIgniter.php(326): CodeIgniter\CodeIgniter->handleRequest(NULL, Object(Config\Cache), false)
#6 C:\xampp\htdocs\rentacar\index.php(37): CodeIgniter\CodeIgniter->run()
#7 {main}
CRITICAL - 2022-03-23 18:58:27 --> syntax error, unexpected end of file
#0 C:\xampp\htdocs\rentacar\system\View\View.php(213): CodeIgniter\View\View->CodeIgniter\View\{closure}()
#1 C:\xampp\htdocs\rentacar\system\Common.php(1089): CodeIgniter\View\View->render('admin/vehiculos', Array, true)
#2 C:\xampp\htdocs\rentacar\app\Controllers\vehiculosController.php(24): view('admin/vehiculos', Array)
#3 C:\xampp\htdocs\rentacar\system\CodeIgniter.php(832): App\Controllers\vehiculosController->index()
#4 C:\xampp\htdocs\rentacar\system\CodeIgniter.php(419): CodeIgniter\CodeIgniter->runController(Object(App\Controllers\vehiculosController))
#5 C:\xampp\htdocs\rentacar\system\CodeIgniter.php(326): CodeIgniter\CodeIgniter->handleRequest(NULL, Object(Config\Cache), false)
#6 C:\xampp\htdocs\rentacar\index.php(37): CodeIgniter\CodeIgniter->run()
#7 {main}
CRITICAL - 2022-03-23 19:00:00 --> Undefined array key "descripcion"
#0 C:\xampp\htdocs\rentacar\app\Views\admin\vehiculos.php(36): CodeIgniter\Debug\Exceptions->errorHandler(2, 'Undefined array...', 'C:\\xampp\\htdocs...', 36)
#1 C:\xampp\htdocs\rentacar\system\View\View.php(210): include('C:\\xampp\\htdocs...')
#2 C:\xampp\htdocs\rentacar\system\View\View.php(213): CodeIgniter\View\View->CodeIgniter\View\{closure}()
#3 C:\xampp\htdocs\rentacar\system\Common.php(1089): CodeIgniter\View\View->render('admin/vehiculos', Array, true)
#4 C:\xampp\htdocs\rentacar\app\Controllers\vehiculosController.php(24): view('admin/vehiculos', Array)
#5 C:\xampp\htdocs\rentacar\system\CodeIgniter.php(832): App\Controllers\vehiculosController->index()
#6 C:\xampp\htdocs\rentacar\system\CodeIgniter.php(419): CodeIgniter\CodeIgniter->runController(Object(App\Controllers\vehiculosController))
#7 C:\xampp\htdocs\rentacar\system\CodeIgniter.php(326): CodeIgniter\CodeIgniter->handleRequest(NULL, Object(Config\Cache), false)
#8 C:\xampp\htdocs\rentacar\index.php(37): CodeIgniter\CodeIgniter->run()
#9 {main}
CRITICAL - 2022-03-23 19:00:28 --> Undefined array key "descripcion"
#0 C:\xampp\htdocs\rentacar\app\Views\admin\vehiculos.php(36): CodeIgniter\Debug\Exceptions->errorHandler(2, 'Undefined array...', 'C:\\xampp\\htdocs...', 36)
#1 C:\xampp\htdocs\rentacar\system\View\View.php(210): include('C:\\xampp\\htdocs...')
#2 C:\xampp\htdocs\rentacar\system\View\View.php(213): CodeIgniter\View\View->CodeIgniter\View\{closure}()
#3 C:\xampp\htdocs\rentacar\system\Common.php(1089): CodeIgniter\View\View->render('admin/vehiculos', Array, true)
#4 C:\xampp\htdocs\rentacar\app\Controllers\vehiculosController.php(24): view('admin/vehiculos', Array)
#5 C:\xampp\htdocs\rentacar\system\CodeIgniter.php(832): App\Controllers\vehiculosController->index()
#6 C:\xampp\htdocs\rentacar\system\CodeIgniter.php(419): CodeIgniter\CodeIgniter->runController(Object(App\Controllers\vehiculosController))
#7 C:\xampp\htdocs\rentacar\system\CodeIgniter.php(326): CodeIgniter\CodeIgniter->handleRequest(NULL, Object(Config\Cache), false)
#8 C:\xampp\htdocs\rentacar\index.php(37): CodeIgniter\CodeIgniter->run()
#9 {main}
CRITICAL - 2022-03-23 19:44:33 --> Undefined variable $nuevoNombre
#0 C:\xampp\htdocs\rentacar\app\Controllers\vehiculosController.php(67): CodeIgniter\Debug\Exceptions->errorHandler(2, 'Undefined varia...', 'C:\\xampp\\htdocs...', 67)
#1 C:\xampp\htdocs\rentacar\system\CodeIgniter.php(832): App\Controllers\vehiculosController->editar()
#2 C:\xampp\htdocs\rentacar\system\CodeIgniter.php(419): CodeIgniter\CodeIgniter->runController(Object(App\Controllers\vehiculosController))
#3 C:\xampp\htdocs\rentacar\system\CodeIgniter.php(326): CodeIgniter\CodeIgniter->handleRequest(NULL, Object(Config\Cache), false)
#4 C:\xampp\htdocs\rentacar\index.php(37): CodeIgniter\CodeIgniter->run()
#5 {main}
CRITICAL - 2022-03-23 19:45:48 --> Trying to access array offset on value of type null
#0 C:\xampp\htdocs\rentacar\app\Controllers\vehiculosController.php(96): CodeIgniter\Debug\Exceptions->errorHandler(2, 'Trying to acces...', 'C:\\xampp\\htdocs...', 96)
#1 C:\xampp\htdocs\rentacar\system\CodeIgniter.php(832): App\Controllers\vehiculosController->editar()
#2 C:\xampp\htdocs\rentacar\system\CodeIgniter.php(419): CodeIgniter\CodeIgniter->runController(Object(App\Controllers\vehiculosController))
#3 C:\xampp\htdocs\rentacar\system\CodeIgniter.php(326): CodeIgniter\CodeIgniter->handleRequest(NULL, Object(Config\Cache), false)
#4 C:\xampp\htdocs\rentacar\index.php(37): CodeIgniter\CodeIgniter->run()
#5 {main}
CRITICAL - 2022-03-23 19:48:02 --> Trying to access array offset on value of type null
#0 C:\xampp\htdocs\rentacar\app\Controllers\vehiculosController.php(96): CodeIgniter\Debug\Exceptions->errorHandler(2, 'Trying to acces...', 'C:\\xampp\\htdocs...', 96)
#1 C:\xampp\htdocs\rentacar\system\CodeIgniter.php(832): App\Controllers\vehiculosController->editar()
#2 C:\xampp\htdocs\rentacar\system\CodeIgniter.php(419): CodeIgniter\CodeIgniter->runController(Object(App\Controllers\vehiculosController))
#3 C:\xampp\htdocs\rentacar\system\CodeIgniter.php(326): CodeIgniter\CodeIgniter->handleRequest(NULL, Object(Config\Cache), false)
#4 C:\xampp\htdocs\rentacar\index.php(37): CodeIgniter\CodeIgniter->run()
#5 {main}
CRITICAL - 2022-03-23 19:49:08 --> Trying to access array offset on value of type null
#0 C:\xampp\htdocs\rentacar\app\Controllers\vehiculosController.php(96): CodeIgniter\Debug\Exceptions->errorHandler(2, 'Trying to acces...', 'C:\\xampp\\htdocs...', 96)
#1 C:\xampp\htdocs\rentacar\system\CodeIgniter.php(832): App\Controllers\vehiculosController->editar()
#2 C:\xampp\htdocs\rentacar\system\CodeIgniter.php(419): CodeIgniter\CodeIgniter->runController(Object(App\Controllers\vehiculosController))
#3 C:\xampp\htdocs\rentacar\system\CodeIgniter.php(326): CodeIgniter\CodeIgniter->handleRequest(NULL, Object(Config\Cache), false)
#4 C:\xampp\htdocs\rentacar\index.php(37): CodeIgniter\CodeIgniter->run()
#5 {main}
CRITICAL - 2022-03-23 19:49:40 --> Trying to access array offset on value of type null
#0 C:\xampp\htdocs\rentacar\app\Controllers\vehiculosController.php(96): CodeIgniter\Debug\Exceptions->errorHandler(2, 'Trying to acces...', 'C:\\xampp\\htdocs...', 96)
#1 C:\xampp\htdocs\rentacar\system\CodeIgniter.php(832): App\Controllers\vehiculosController->editar()
#2 C:\xampp\htdocs\rentacar\system\CodeIgniter.php(419): CodeIgniter\CodeIgniter->runController(Object(App\Controllers\vehiculosController))
#3 C:\xampp\htdocs\rentacar\system\CodeIgniter.php(326): CodeIgniter\CodeIgniter->handleRequest(NULL, Object(Config\Cache), false)
#4 C:\xampp\htdocs\rentacar\index.php(37): CodeIgniter\CodeIgniter->run()
#5 {main}
